<?xml version="1.0" encoding="UTF-8"?>
<testsuite xmlns:xsi="http://www.w3.org/2001/XMLSchema-instance" xsi:noNamespaceSchemaLocation="https://maven.apache.org/surefire/maven-surefire-plugin/xsd/surefire-test-report.xsd" version="3.0.2" name="com.edoc.portal.EdocPortalApplicationTests" time="25.351" tests="1" errors="0" skipped="0" failures="0">
  <properties>
[...]
</properties>
  <testcase name="contextLoads" classname="com.edoc.portal.EdocPortalApplicationTests" time="0.823">
    <system-out><![CDATA[10:42:38.441 [main] INFO org.springframework.test.context.support.AnnotationConfigContextLoaderUtils -- Could not detect default configuration classes for test class [com.edoc.portal.EdocPortalApplicationTests]: EdocPortalApplicationTests does not declare any static, non-private, non-final, nested classes annotated with @Configuration.
10:42:38.895 [main] INFO org.springframework.boot.test.context.SpringBootTestContextBootstrapper -- Found @SpringBootConfiguration com.edoc.portal.EdocPortalApplication for test class com.edoc.portal.EdocPortalApplicationTests
10:42:39.600 [main] INFO org.springframework.boot.devtools.restart.RestartApplicationListener -- Restart disabled due to context in which it is running

  .   ____          _            __ _ _
 /\\ / ___'_ __ _ _(_)_ __  __ _ \ \ \ \
( ( )\___ | '_ | '_| | '_ \/ _` | \ \ \ \
 \\/  ___)| |_)| | | | | || (_| |  ) ) ) )
  '  |____| .__|_| |_|_| |_\__, | / / / /
 =========|_|==============|___/=/_/_/_/

 :: Spring Boot ::                (v4.0.2)

2026-02-15T10:42:40.934+05:30  INFO 14468 --- [EdocPortalApplication] [           main] c.e.portal.EdocPortalApplicationTests    : Starting EdocPortalApplicationTests using Java 24.0.2 with PID 14468 (started by Vaibhav Zope in C:\Users\Vaibhav Zope\OneDrive\Desktop\Coding\Project\EdocPortalApplication)
2026-02-15T10:42:40.938+05:30  INFO 14468 --- [EdocPortalApplication] [           main] c.e.portal.EdocPortalApplicationTests    : No active profile set, falling back to 1 default profile: "default"
2026-02-15T10:42:44.642+05:30  INFO 14468 --- [EdocPortalApplication] [           main] .s.d.r.c.RepositoryConfigurationDelegate : Bootstrapping Spring Data JPA repositories in DEFAULT mode.
2026-02-15T10:42:44.859+05:30  INFO 14468 --- [EdocPortalApplication] [           main] .s.d.r.c.RepositoryConfigurationDelegate : Finished Spring Data repository scanning in 180 ms. Found 2 JPA repository interfaces.
2026-02-15T10:42:47.249+05:30  INFO 14468 --- [EdocPortalApplication] [           main] org.hibernate.orm.jpa                    : HHH008540: Processing PersistenceUnitInfo [name: default]
2026-02-15T10:42:47.500+05:30  INFO 14468 --- [EdocPortalApplication] [           main] org.hibernate.orm.core                   : HHH000001: Hibernate ORM core version 7.2.1.Final
2026-02-15T10:42:49.808+05:30  INFO 14468 --- [EdocPortalApplication] [           main] o.s.o.j.p.SpringPersistenceUnitInfo      : No LoadTimeWeaver setup: ignoring JPA class transformer
2026-02-15T10:42:49.992+05:30  INFO 14468 --- [EdocPortalApplication] [           main] com.zaxxer.hikari.HikariDataSource       : HikariPool-1 - Starting...
2026-02-15T10:42:51.156+05:30  INFO 14468 --- [EdocPortalApplication] [           main] com.zaxxer.hikari.pool.HikariPool        : HikariPool-1 - Added connection com.mysql.cj.jdbc.ConnectionImpl@63ccb1b2
2026-02-15T10:42:51.162+05:30  INFO 14468 --- [EdocPortalApplication] [           main] com.zaxxer.hikari.HikariDataSource       : HikariPool-1 - Start completed.
2026-02-15T10:42:51.593+05:30  INFO 14468 --- [EdocPortalApplication] [           main] org.hibernate.orm.connections.pooling    : HHH10001005: Database info:
	Database JDBC URL [jdbc:mysql://localhost:3306/Portal]
	Database driver: MySQL Connector/J
	Database dialect: MySQLDialect
	Database version: 8.0.43
	Default catalog/schema: Portal/undefined
	Autocommit mode: undefined/unknown
	Isolation level: REPEATABLE_READ [default REPEATABLE_READ]
	JDBC fetch size: none
	Pool: DataSourceConnectionProvider
	Minimum pool size: undefined/unknown
	Maximum pool size: undefined/unknown
2026-02-15T10:42:54.040+05:30  INFO 14468 --- [EdocPortalApplication] [           main] org.hibernate.orm.core                   : HHH000489: No JTA platform available (set 'hibernate.transaction.jta.platform' to enable JTA platform integration)
2026-02-15T10:42:54.290+05:30  INFO 14468 --- [EdocPortalApplication] [           main] j.LocalContainerEntityManagerFactoryBean : Initialized JPA EntityManagerFactory for persistence unit 'default'
2026-02-15T10:42:54.644+05:30  INFO 14468 --- [EdocPortalApplication] [           main] o.s.d.j.r.query.QueryEnhancerFactories   : Hibernate is in classpath; If applicable, HQL parser will be used.
Hibernate: 
    select
        u1_0.id,
        u1_0.assigned_csc_email,
        u1_0.csc_center_address,
        u1_0.csc_id,
        u1_0.csc_portal_name,
        u1_0.email,
        u1_0.mobile_number,
        u1_0.name,
        u1_0.password,
        u1_0.role,
        u1_0.status 
    from
        users u1_0 
    where
        u1_0.email=?
Hibernate: 
    select
        u1_0.id,
        u1_0.assigned_csc_email,
        u1_0.csc_center_address,
        u1_0.csc_id,
        u1_0.csc_portal_name,
        u1_0.email,
        u1_0.mobile_number,
        u1_0.name,
        u1_0.password,
        u1_0.role,
        u1_0.status 
    from
        users u1_0 
    where
        u1_0.id=?
Hibernate: 
    update
        users 
    set
        assigned_csc_email=?,
        csc_center_address=?,
        csc_id=?,
        csc_portal_name=?,
        email=?,
        mobile_number=?,
        name=?,
        password=?,
        role=?,
        status=? 
    where
        id=?
2026-02-15T10:42:58.233+05:30  INFO 14468 --- [EdocPortalApplication] [           main] r$InitializeUserDetailsManagerConfigurer : Global AuthenticationManager configured with UserDetailsService bean with name userDetailsService
2026-02-15T10:42:58.348+05:30  WARN 14468 --- [EdocPortalApplication] [           main] JpaBaseConfiguration$JpaWebConfiguration : spring.jpa.open-in-view is enabled by default. Therefore, database queries may be performed during view rendering. Explicitly configure spring.jpa.open-in-view to disable this warning
2026-02-15T10:42:59.418+05:30  INFO 14468 --- [EdocPortalApplication] [           main] o.s.b.w.a.WelcomePageHandlerMapping      : Adding welcome page template: index
2026-02-15T10:43:01.754+05:30  INFO 14468 --- [EdocPortalApplication] [           main] o.s.b.a.e.web.EndpointLinksResolver      : Exposing 1 endpoint beneath base path '/actuator'
2026-02-15T10:43:01.974+05:30  INFO 14468 --- [EdocPortalApplication] [           main] c.e.portal.EdocPortalApplicationTests    : Started EdocPortalApplicationTests in 22.414 seconds (process running for 28.486)
]]></system-out>
    <system-err><![CDATA[Mockito is currently self-attaching to enable the inline-mock-maker. This will no longer work in future releases of the JDK. Please add Mockito as an agent to your build as described in Mockito's documentation: https://javadoc.io/doc/org.mockito/mockito-core/latest/org.mockito/org/mockito/Mockito.html#0.3
WARNING: A Java agent has been loaded dynamically (C:\Users\Vaibhav Zope\.m2\repository\net\bytebuddy\byte-buddy-agent\1.17.8\byte-buddy-agent-1.17.8.jar)
WARNING: If a serviceability tool is in use, please run with -XX:+EnableDynamicAgentLoading to hide this warning
WARNING: If a serviceability tool is not in use, please run with -Djdk.instrument.traceUsage for more information
WARNING: Dynamic loading of agents will be disallowed by default in a future release
]]></system-err>
  </testcase>
</testsuite>